<?xml version="1.0" encoding="UTF-8"?>
<!-- Generated by org.testng.reporters.JUnitXMLReporter -->
<testsuite ignored="1" hostname="Aditya-Laptop" failures="3" tests="24" name="Test" time="366.898" errors="0" timestamp="2023-06-08T16:17:55 IST">
  <testcase classname="skyfallSmokeTest.SkyFallSmokeScript" name="LaunchBrowserAndOpenURL" time="11.462"/>
  <testcase classname="skyfallSmokeTest.SkyFallSmokeScript" name="VerifyProductNamePageTitle" time="0.013"/>
  <testcase classname="skyfallSmokeTest.SkyFallSmokeScript" name="ValidUserLogin" time="0.391"/>
  <testcase classname="skyfallSmokeTest.SkyFallSmokeScript" name="InValidUserLogin" time="0.0">
    <skipped/>
  </testcase> <!-- InValidUserLogin -->
  <testcase classname="skyfallSmokeTest.SkyFallSmokeScript" name="VerifySearchMetsMap" time="9.726"/>
  <testcase classname="skyfallSmokeTest.SkyFallSmokeScript" name="AddLocationLeftSideBar" time="23.496"/>
  <testcase classname="skyfallSmokeTest.SkyFallSmokeScript" name="EditLocation" time="23.25"/>
  <testcase classname="skyfallSmokeTest.SkyFallSmokeScript" name="deleteLocation" time="3.245">
    <failure type="org.openqa.selenium.InvalidSelectorException" message="invalid selector: Unable to locate an element with the xpath expression //span [@class=&amp;apos;action delete&amp;apos;])[1] because of the following error:
SyntaxError: Failed to execute &amp;apos;evaluate&amp;apos; on &amp;apos;Document&amp;apos;: The string &amp;apos;//span [@class=&amp;apos;action delete&amp;apos;])[1]&amp;apos; is not a valid XPath expression.
  (Session info: chrome=113.0.5672.127)
For documentation on this error, please visit: https://selenium.dev/exceptions/#invalid_selector_exception
Build info: version: &amp;apos;4.7.2&amp;apos;, revision: &amp;apos;4d4020c3b7&amp;apos;
System info: os.name: &amp;apos;Windows 11&amp;apos;, os.arch: &amp;apos;amd64&amp;apos;, os.version: &amp;apos;10.0&amp;apos;, java.version: &amp;apos;17.0.6&amp;apos;
Driver info: org.openqa.selenium.chrome.ChromeDriver
Command: [d2e7ef431672f2917847e93d66a96a15, findElement {using=xpath, value=//span [@class=&amp;apos;action delete&amp;apos;])[1]}]
Capabilities {acceptInsecureCerts: false, browserName: chrome, browserVersion: 113.0.5672.127, chrome: {chromedriverVersion: 113.0.5672.63 (0e1a4471d5ae..., userDataDir: C:\Users\ADITYA~1\AppData\L...}, goog:chromeOptions: {debuggerAddress: localhost:57188}, networkConnectionEnabled: false, pageLoadStrategy: normal, platformName: WINDOWS, proxy: Proxy(), se:cdp: ws://localhost:57188/devtoo..., se:cdpVersion: 113.0.5672.127, setWindowRect: true, strictFileInteractability: false, timeouts: {implicit: 0, pageLoad: 300000, script: 30000}, unhandledPromptBehavior: dismiss and notify, webauthn:extension:credBlob: true, webauthn:extension:largeBlob: true, webauthn:extension:minPinLength: true, webauthn:extension:prf: true, webauthn:virtualAuthenticators: true}
Session ID: d2e7ef431672f2917847e93d66a96a15">
      <![CDATA[org.openqa.selenium.InvalidSelectorException: invalid selector: Unable to locate an element with the xpath expression //span [@class='action delete'])[1] because of the following error:
SyntaxError: Failed to execute 'evaluate' on 'Document': The string '//span [@class='action delete'])[1]' is not a valid XPath expression.
  (Session info: chrome=113.0.5672.127)
For documentation on this error, please visit: https://selenium.dev/exceptions/#invalid_selector_exception
Build info: version: '4.7.2', revision: '4d4020c3b7'
System info: os.name: 'Windows 11', os.arch: 'amd64', os.version: '10.0', java.version: '17.0.6'
Driver info: org.openqa.selenium.chrome.ChromeDriver
Command: [d2e7ef431672f2917847e93d66a96a15, findElement {using=xpath, value=//span [@class='action delete'])[1]}]
Capabilities {acceptInsecureCerts: false, browserName: chrome, browserVersion: 113.0.5672.127, chrome: {chromedriverVersion: 113.0.5672.63 (0e1a4471d5ae..., userDataDir: C:\Users\ADITYA~1\AppData\L...}, goog:chromeOptions: {debuggerAddress: localhost:57188}, networkConnectionEnabled: false, pageLoadStrategy: normal, platformName: WINDOWS, proxy: Proxy(), se:cdp: ws://localhost:57188/devtoo..., se:cdpVersion: 113.0.5672.127, setWindowRect: true, strictFileInteractability: false, timeouts: {implicit: 0, pageLoad: 300000, script: 30000}, unhandledPromptBehavior: dismiss and notify, webauthn:extension:credBlob: true, webauthn:extension:largeBlob: true, webauthn:extension:minPinLength: true, webauthn:extension:prf: true, webauthn:virtualAuthenticators: true}
Session ID: d2e7ef431672f2917847e93d66a96a15
at org.openqa.selenium.remote.codec.w3c.W3CHttpResponseCodec.createException(W3CHttpResponseCodec.java:200)
at org.openqa.selenium.remote.codec.w3c.W3CHttpResponseCodec.decode(W3CHttpResponseCodec.java:133)
at org.openqa.selenium.remote.codec.w3c.W3CHttpResponseCodec.decode(W3CHttpResponseCodec.java:53)
at org.openqa.selenium.remote.HttpCommandExecutor.execute(HttpCommandExecutor.java:184)
at org.openqa.selenium.remote.service.DriverCommandExecutor.invokeExecute(DriverCommandExecutor.java:167)
at org.openqa.selenium.remote.service.DriverCommandExecutor.execute(DriverCommandExecutor.java:142)
at org.openqa.selenium.remote.RemoteWebDriver.execute(RemoteWebDriver.java:535)
at org.openqa.selenium.remote.ElementLocation$ElementFinder$2.findElement(ElementLocation.java:162)
at org.openqa.selenium.remote.ElementLocation.findElement(ElementLocation.java:60)
at org.openqa.selenium.remote.RemoteWebDriver.findElement(RemoteWebDriver.java:351)
at org.openqa.selenium.remote.RemoteWebDriver.findElement(RemoteWebDriver.java:343)
at skyfallSmokeTest.SkyFallSmokeScript.deleteLocation(SkyFallSmokeScript.java:270)
at java.base/java.util.ArrayList.forEach(ArrayList.java:1511)
... Removed 32 stack frames]]>
    </failure>
  </testcase> <!-- deleteLocation -->
  <testcase classname="skyfallSmokeTest.SkyFallSmokeScript" name="AddNotesCard" time="13.566"/>
  <testcase classname="skyfallSmokeTest.SkyFallSmokeScript" name="DeleteNoteCard" time="0.006"/>
  <testcase classname="skyfallSmokeTest.SkyFallSmokeScript" name="AddIncidentsCard" time="43.49"/>
  <testcase classname="skyfallSmokeTest.SkyFallSmokeScript" name="DeleteIncidentsCard" time="0.0"/>
  <testcase classname="skyfallSmokeTest.SkyFallSmokeScript" name="CreateMarkerLocation" time="29.842"/>
  <testcase classname="skyfallSmokeTest.SkyFallSmokeScript" name="CreateMarkerNotes" time="38.01"/>
  <testcase classname="skyfallSmokeTest.SkyFallSmokeScript" name="CreateMarkerIncidents" time="48.279"/>
  <testcase classname="skyfallSmokeTest.SkyFallSmokeScript" name="UserLogOut" time="11.424"/>
  <testcase classname="com.project.skyfall.Brickworks_Website" name="TS001_VerifyProductNamePageTitle" time="0.044">
    <failure type="java.lang.AssertionError" message="expected [Skyfall Site Manager] but found [Brickworks Site Manager]">
      <![CDATA[java.lang.AssertionError: expected [Skyfall Site Manager] but found [Brickworks Site Manager]
at com.project.skyfall.Brickworks_Website.TS001_VerifyProductNamePageTitle(Brickworks_Website.java:77)
at java.base/java.util.ArrayList.forEach(ArrayList.java:1511)
... Removed 33 stack frames]]>
    </failure>
  </testcase> <!-- TS001_VerifyProductNamePageTitle -->
  <testcase classname="com.project.skyfall.Brickworks_Website" name="TS002_ValidUserLogin" time="0.467"/>
  <testcase classname="com.project.skyfall.Brickworks_Website" name="TS004_searchMetMap" time="10.056"/>
  <testcase classname="com.project.skyfall.Brickworks_Website" name="TS007_AddLocationLeftSideBar" time="23.587"/>
  <testcase classname="com.project.skyfall.Brickworks_Website" name="TS006_EditLocation" time="22.503"/>
  <testcase classname="com.project.skyfall.Brickworks_Website" name="TS005_CreateMarkerLocation" time="20.512">
    <failure type="org.openqa.selenium.ElementNotInteractableException" message="element not interactable
  (Session info: chrome=113.0.5672.127)
Build info: version: &amp;apos;4.7.2&amp;apos;, revision: &amp;apos;4d4020c3b7&amp;apos;
System info: os.name: &amp;apos;Windows 11&amp;apos;, os.arch: &amp;apos;amd64&amp;apos;, os.version: &amp;apos;10.0&amp;apos;, java.version: &amp;apos;17.0.6&amp;apos;
Driver info: org.openqa.selenium.chrome.ChromeDriver
Command: [9d02f61b7f68c500a0b755f9ce2c19ae, clickElement {id=64F3BE5A6AE59011CC75402652993E6E_element_96}]
Capabilities {acceptInsecureCerts: false, browserName: chrome, browserVersion: 113.0.5672.127, chrome: {chromedriverVersion: 113.0.5672.63 (0e1a4471d5ae..., userDataDir: C:\Users\ADITYA~1\AppData\L...}, goog:chromeOptions: {debuggerAddress: localhost:57146}, networkConnectionEnabled: false, pageLoadStrategy: normal, platformName: WINDOWS, proxy: Proxy(), se:cdp: ws://localhost:57146/devtoo..., se:cdpVersion: 113.0.5672.127, setWindowRect: true, strictFileInteractability: false, timeouts: {implicit: 0, pageLoad: 300000, script: 30000}, unhandledPromptBehavior: dismiss and notify, webauthn:extension:credBlob: true, webauthn:extension:largeBlob: true, webauthn:extension:minPinLength: true, webauthn:extension:prf: true, webauthn:virtualAuthenticators: true}
Element: [[ChromeDriver: chrome on WINDOWS (9d02f61b7f68c500a0b755f9ce2c19ae)] -&amp;gt; xpath: //div[@class=&amp;apos;content-row&amp;apos;][1]]
Session ID: 9d02f61b7f68c500a0b755f9ce2c19ae">
      <![CDATA[org.openqa.selenium.ElementNotInteractableException: element not interactable
  (Session info: chrome=113.0.5672.127)
Build info: version: '4.7.2', revision: '4d4020c3b7'
System info: os.name: 'Windows 11', os.arch: 'amd64', os.version: '10.0', java.version: '17.0.6'
Driver info: org.openqa.selenium.chrome.ChromeDriver
Command: [9d02f61b7f68c500a0b755f9ce2c19ae, clickElement {id=64F3BE5A6AE59011CC75402652993E6E_element_96}]
Capabilities {acceptInsecureCerts: false, browserName: chrome, browserVersion: 113.0.5672.127, chrome: {chromedriverVersion: 113.0.5672.63 (0e1a4471d5ae..., userDataDir: C:\Users\ADITYA~1\AppData\L...}, goog:chromeOptions: {debuggerAddress: localhost:57146}, networkConnectionEnabled: false, pageLoadStrategy: normal, platformName: WINDOWS, proxy: Proxy(), se:cdp: ws://localhost:57146/devtoo..., se:cdpVersion: 113.0.5672.127, setWindowRect: true, strictFileInteractability: false, timeouts: {implicit: 0, pageLoad: 300000, script: 30000}, unhandledPromptBehavior: dismiss and notify, webauthn:extension:credBlob: true, webauthn:extension:largeBlob: true, webauthn:extension:minPinLength: true, webauthn:extension:prf: true, webauthn:virtualAuthenticators: true}
Element: [[ChromeDriver: chrome on WINDOWS (9d02f61b7f68c500a0b755f9ce2c19ae)] -> xpath: //div[@class='content-row'][1]]
Session ID: 9d02f61b7f68c500a0b755f9ce2c19ae
at org.openqa.selenium.remote.codec.w3c.W3CHttpResponseCodec.createException(W3CHttpResponseCodec.java:200)
at org.openqa.selenium.remote.codec.w3c.W3CHttpResponseCodec.decode(W3CHttpResponseCodec.java:133)
at org.openqa.selenium.remote.codec.w3c.W3CHttpResponseCodec.decode(W3CHttpResponseCodec.java:53)
at org.openqa.selenium.remote.HttpCommandExecutor.execute(HttpCommandExecutor.java:184)
at org.openqa.selenium.remote.service.DriverCommandExecutor.invokeExecute(DriverCommandExecutor.java:167)
at org.openqa.selenium.remote.service.DriverCommandExecutor.execute(DriverCommandExecutor.java:142)
at org.openqa.selenium.remote.RemoteWebDriver.execute(RemoteWebDriver.java:535)
at org.openqa.selenium.remote.RemoteWebElement.execute(RemoteWebElement.java:257)
at org.openqa.selenium.remote.RemoteWebElement.click(RemoteWebElement.java:78)
at com.project.skyfall.Brickworks_Website.TS005_CreateMarkerLocation(Brickworks_Website.java:165)
at java.base/java.util.ArrayList.forEach(ArrayList.java:1511)
... Removed 32 stack frames]]>
    </failure>
  </testcase> <!-- TS005_CreateMarkerLocation -->
  <testcase classname="com.project.skyfall.Brickworks_Website" name="TS008_deleteLocation" time="9.54"/>
  <testcase classname="com.project.skyfall.Brickworks_Website" name="TS009_UserLogOut" time="11.641"/>
  <testcase classname="com.project.skyfall.Brickworks_Website" name="TS003_InValidUserLogin" time="0.0">
    <ignored/>
  </testcase> <!-- TS003_InValidUserLogin -->
</testsuite> <!-- Test -->
